{"time":"2026-05-11T01:17:50.153807163Z","level":"INFO","source":{"function":"main.main","file":"/app/main.go","line":15},"msg":"starting workflow-ai server"}
{"time":"2026-05-11T01:17:50.165800389Z","level":"INFO","source":{"function":"workflow-ai/server/internal/database.NewDBClient","file":"/app/internal/database/db.go","line":32},"msg":"connected to PostgreSQL"}
{"time":"2026-05-11T01:17:50.165978265Z","level":"INFO","source":{"function":"workflow-ai/server/internal/database.(*DBClient).Setup","file":"/app/internal/database/db.go","line":37},"msg":"running database migrations"}
{"time":"2026-05-11T01:17:50.243210902Z","level":"INFO","source":{"function":"workflow-ai/server/internal/database/redis.New","file":"/app/internal/database/redis/db.go","line":14},"msg":"connecting to Redis","addr":"redis:6379"}
{"time":"2026-05-11T01:17:50.244108157Z","level":"INFO","source":{"function":"workflow-ai/server/internal/api.(*Server).Start","file":"/app/internal/api/server.go","line":31},"msg":"server starting","addr":":8080"}
{"time":"2026-05-11T01:17:53.836050191Z","level":"INFO","source":{"function":"main.main","file":"/app/main.go","line":15},"msg":"starting workflow-ai server"}
{"time":"2026-05-11T01:17:53.839026248Z","level":"INFO","source":{"function":"workflow-ai/server/internal/database.NewDBClient","file":"/app/internal/database/db.go","line":32},"msg":"connected to PostgreSQL"}
{"time":"2026-05-11T01:17:53.839120665Z","level":"INFO","source":{"function":"workflow-ai/server/internal/database.(*DBClient).Setup","file":"/app/internal/database/db.go","line":37},"msg":"running database migrations"}
{"time":"2026-05-11T01:17:53.919664026Z","level":"INFO","source":{"function":"workflow-ai/server/internal/database/redis.New","file":"/app/internal/database/redis/db.go","line":14},"msg":"connecting to Redis","addr":"redis:6379"}
{"time":"2026-05-11T01:17:53.920194821Z","level":"INFO","source":{"function":"workflow-ai/server/internal/api.(*Server).Start","file":"/app/internal/api/server.go","line":31},"msg":"server starting","addr":":8080"}
{"time":"2026-05-11T01:18:03.719838451Z","level":"INFO","source":{"function":"main.main","file":"/app/main.go","line":15},"msg":"starting workflow-ai server"}
{"time":"2026-05-11T01:18:03.723628595Z","level":"INFO","source":{"function":"workflow-ai/server/internal/database.NewDBClient","file":"/app/internal/database/db.go","line":32},"msg":"connected to PostgreSQL"}
{"time":"2026-05-11T01:18:03.723747429Z","level":"INFO","source":{"function":"workflow-ai/server/internal/database.(*DBClient).Setup","file":"/app/internal/database/db.go","line":37},"msg":"running database migrations"}
{"time":"2026-05-11T01:18:03.800163145Z","level":"INFO","source":{"function":"workflow-ai/server/internal/database/redis.New","file":"/app/internal/database/redis/db.go","line":14},"msg":"connecting to Redis","addr":"redis:6379"}
{"time":"2026-05-11T01:18:03.80094744Z","level":"INFO","source":{"function":"workflow-ai/server/internal/api.(*Server).Start","file":"/app/internal/api/server.go","line":31},"msg":"server starting","addr":":8080"}
{"time":"2026-05-11T01:18:10.911591559Z","level":"INFO","source":{"function":"main.main","file":"/app/main.go","line":15},"msg":"starting workflow-ai server"}
{"time":"2026-05-11T01:18:10.915833913Z","level":"INFO","source":{"function":"workflow-ai/server/internal/database.NewDBClient","file":"/app/internal/database/db.go","line":32},"msg":"connected to PostgreSQL"}
{"time":"2026-05-11T01:18:10.916801877Z","level":"INFO","source":{"function":"workflow-ai/server/internal/database.(*DBClient).Setup","file":"/app/internal/database/db.go","line":37},"msg":"running database migrations"}
{"time":"2026-05-11T01:18:11.002094762Z","level":"INFO","source":{"function":"workflow-ai/server/internal/database/redis.New","file":"/app/internal/database/redis/db.go","line":14},"msg":"connecting to Redis","addr":"redis:6379"}
{"time":"2026-05-11T01:18:11.003115809Z","level":"INFO","source":{"function":"workflow-ai/server/internal/api.(*Server).Start","file":"/app/internal/api/server.go","line":31},"msg":"server starting","addr":":8080"}
{"time":"2026-05-11T01:18:15.083688333Z","level":"INFO","source":{"function":"main.main","file":"/app/main.go","line":15},"msg":"starting workflow-ai server"}
{"time":"2026-05-11T01:18:15.086129345Z","level":"INFO","source":{"function":"workflow-ai/server/internal/database.NewDBClient","file":"/app/internal/database/db.go","line":32},"msg":"connected to PostgreSQL"}
{"time":"2026-05-11T01:18:15.086198345Z","level":"INFO","source":{"function":"workflow-ai/server/internal/database.(*DBClient).Setup","file":"/app/internal/database/db.go","line":37},"msg":"running database migrations"}
{"time":"2026-05-11T01:18:15.160721718Z","level":"INFO","source":{"function":"workflow-ai/server/internal/database/redis.New","file":"/app/internal/database/redis/db.go","line":14},"msg":"connecting to Redis","addr":"redis:6379"}
{"time":"2026-05-11T01:18:15.161241846Z","level":"INFO","source":{"function":"workflow-ai/server/internal/api.(*Server).Start","file":"/app/internal/api/server.go","line":31},"msg":"server starting","addr":":8080"}
{"time":"2026-05-11T01:18:23.777751591Z","level":"INFO","source":{"function":"main.main","file":"/app/main.go","line":15},"msg":"starting workflow-ai server"}
{"time":"2026-05-11T01:18:23.790872448Z","level":"INFO","source":{"function":"workflow-ai/server/internal/database.NewDBClient","file":"/app/internal/database/db.go","line":32},"msg":"connected to PostgreSQL"}
{"time":"2026-05-11T01:18:23.791054783Z","level":"INFO","source":{"function":"workflow-ai/server/internal/database.(*DBClient).Setup","file":"/app/internal/database/db.go","line":37},"msg":"running database migrations"}
{"time":"2026-05-11T01:18:23.873244236Z","level":"INFO","source":{"function":"workflow-ai/server/internal/database/redis.New","file":"/app/internal/database/redis/db.go","line":14},"msg":"connecting to Redis","addr":"redis:6379"}
{"time":"2026-05-11T01:18:23.8742957Z","level":"INFO","source":{"function":"workflow-ai/server/internal/api.(*Server).Start","file":"/app/internal/api/server.go","line":31},"msg":"server starting","addr":":8080"}
{"time":"2026-05-11T01:18:29.608381173Z","level":"INFO","source":{"function":"main.main","file":"/app/main.go","line":15},"msg":"starting workflow-ai server"}
{"time":"2026-05-11T01:18:29.613081196Z","level":"INFO","source":{"function":"workflow-ai/server/internal/database.NewDBClient","file":"/app/internal/database/db.go","line":32},"msg":"connected to PostgreSQL"}
{"time":"2026-05-11T01:18:29.61319978Z","level":"INFO","source":{"function":"workflow-ai/server/internal/database.(*DBClient).Setup","file":"/app/internal/database/db.go","line":37},"msg":"running database migrations"}
{"time":"2026-05-11T01:18:29.699610588Z","level":"INFO","source":{"function":"workflow-ai/server/internal/database/redis.New","file":"/app/internal/database/redis/db.go","line":14},"msg":"connecting to Redis","addr":"redis:6379"}
{"time":"2026-05-11T01:18:29.700415009Z","level":"INFO","source":{"function":"workflow-ai/server/internal/api.(*Server).Start","file":"/app/internal/api/server.go","line":31},"msg":"server starting","addr":":8080"}
{"time":"2026-05-11T01:19:25.874600323Z","level":"INFO","source":{"function":"main.main","file":"/app/main.go","line":15},"msg":"starting workflow-ai server"}
{"time":"2026-05-11T01:19:25.88119944Z","level":"INFO","source":{"function":"workflow-ai/server/internal/database.NewDBClient","file":"/app/internal/database/db.go","line":32},"msg":"connected to PostgreSQL"}
{"time":"2026-05-11T01:19:25.881316524Z","level":"INFO","source":{"function":"workflow-ai/server/internal/database.(*DBClient).Setup","file":"/app/internal/database/db.go","line":37},"msg":"running database migrations"}
{"time":"2026-05-11T01:19:25.957497864Z","level":"INFO","source":{"function":"workflow-ai/server/internal/database/redis.New","file":"/app/internal/database/redis/db.go","line":14},"msg":"connecting to Redis","addr":"redis:6379"}
{"time":"2026-05-11T01:19:25.958606911Z","level":"INFO","source":{"function":"workflow-ai/server/internal/api.(*Server).Start","file":"/app/internal/api/server.go","line":31},"msg":"server starting","addr":":8080"}
{"time":"2026-05-11T01:19:48.215605717Z","level":"INFO","source":{"function":"main.main","file":"/app/main.go","line":15},"msg":"starting workflow-ai server"}
{"time":"2026-05-11T01:19:48.219347652Z","level":"INFO","source":{"function":"workflow-ai/server/internal/database.NewDBClient","file":"/app/internal/database/db.go","line":32},"msg":"connected to PostgreSQL"}
{"time":"2026-05-11T01:19:48.219452861Z","level":"INFO","source":{"function":"workflow-ai/server/internal/database.(*DBClient).Setup","file":"/app/internal/database/db.go","line":37},"msg":"running database migrations"}
{"time":"2026-05-11T01:19:48.302536694Z","level":"INFO","source":{"function":"workflow-ai/server/internal/database/redis.New","file":"/app/internal/database/redis/db.go","line":14},"msg":"connecting to Redis","addr":"redis:6379"}
{"time":"2026-05-11T01:19:48.303767533Z","level":"INFO","source":{"function":"workflow-ai/server/internal/api.(*Server).Start","file":"/app/internal/api/server.go","line":31},"msg":"server starting","addr":":8080"}
{"time":"2026-05-11T01:19:59.974476507Z","level":"INFO","source":{"function":"workflow-ai/server/internal/api/handlers.(*WorkflowHandler).ReceiveWebhook","file":"/app/internal/api/handlers/webhook.go","line":107},"msg":"webhook triggered","run_id":"df10f8d4-3862-474c-a83e-0452252b4228","workflow_id":"1f56f54e-0c86-428e-9aff-3ad154449555","workflow_name":"Webhook Test"}
{"time":"2026-05-11T01:19:59.975978931Z","level":"DEBUG","source":{"function":"workflow-ai/server/internal/api/handlers.(*WorkflowHandler).ReceiveWebhook.func1.1","file":"/app/internal/api/handlers/webhook.go","line":126},"msg":"webhook run event","run_id":"df10f8d4-3862-474c-a83e-0452252b4228","type":"workflow_started","node_id":null}
{"time":"2026-05-11T01:19:59.97604439Z","level":"DEBUG","source":{"function":"workflow-ai/server/internal/api/handlers.(*WorkflowHandler).ReceiveWebhook.func1.1","file":"/app/internal/api/handlers/webhook.go","line":126},"msg":"webhook run event","run_id":"df10f8d4-3862-474c-a83e-0452252b4228","type":"workflow_completed","node_id":null}
{"time":"2026-05-11T01:19:59.97606164Z","level":"INFO","source":{"function":"workflow-ai/server/internal/api/handlers.(*WorkflowHandler).ReceiveWebhook.func1","file":"/app/internal/api/handlers/webhook.go","line":131},"msg":"webhook run finished","run_id":"df10f8d4-3862-474c-a83e-0452252b4228","status":"completed","event_count":2}
{"time":"2026-05-11T01:20:00.019279607Z","level":"INFO","source":{"function":"workflow-ai/server/internal/api/handlers.(*WorkflowHandler).StreamRun","file":"/app/internal/api/handlers/runs.go","line":61},"msg":"stream: replaying completed run from DB","run_id":"df10f8d4-3862-474c-a83e-0452252b4228","status":"completed"}
{"time":"2026-05-11T01:20:00.019529358Z","level":"INFO","source":{"function":"workflow-ai/server/internal/api/handlers.(*WorkflowHandler).StreamRun","file":"/app/internal/api/handlers/runs.go","line":68},"msg":"stream: replayed events","run_id":"df10f8d4-3862-474c-a83e-0452252b4228","count":2}
{"time":"2026-05-11T01:27:33.500024694Z","level":"INFO","source":{"function":"workflow-ai/server/internal/api/handlers.(*WorkflowHandler).ReceiveWebhook","file":"/app/internal/api/handlers/webhook.go","line":107},"msg":"webhook triggered","run_id":"a6ae2aba-b010-4f9e-b947-95d8bd7e29bd","workflow_id":"221c3d11-f25b-43c0-9677-6ea43c3518a0","workflow_name":"New Workflow"}
{"time":"2026-05-11T01:27:33.500767698Z","level":"DEBUG","source":{"function":"workflow-ai/server/internal/api/handlers.(*WorkflowHandler).ReceiveWebhook.func1.1","file":"/app/internal/api/handlers/webhook.go","line":126},"msg":"webhook run event","run_id":"a6ae2aba-b010-4f9e-b947-95d8bd7e29bd","type":"workflow_started","node_id":null}
{"time":"2026-05-11T01:27:33.501331659Z","level":"DEBUG","source":{"function":"workflow-ai/server/internal/api/handlers.(*WorkflowHandler).ReceiveWebhook.func1.1","file":"/app/internal/api/handlers/webhook.go","line":126},"msg":"webhook run event","run_id":"a6ae2aba-b010-4f9e-b947-95d8bd7e29bd","type":"node_started","node_id":"b73af9ef-2edc-467a-b03a-12988ff1ed62"}
{"time":"2026-05-11T01:27:33.50160741Z","level":"DEBUG","source":{"function":"workflow-ai/server/internal/api/handlers.(*WorkflowHandler).ReceiveWebhook.func1.1","file":"/app/internal/api/handlers/webhook.go","line":126},"msg":"webhook run event","run_id":"a6ae2aba-b010-4f9e-b947-95d8bd7e29bd","type":"node_output","node_id":"b73af9ef-2edc-467a-b03a-12988ff1ed62"}
{"time":"2026-05-11T01:27:33.501684077Z","level":"DEBUG","source":{"function":"workflow-ai/server/internal/api/handlers.(*WorkflowHandler).ReceiveWebhook.func1.1","file":"/app/internal/api/handlers/webhook.go","line":126},"msg":"webhook run event","run_id":"a6ae2aba-b010-4f9e-b947-95d8bd7e29bd","type":"node_completed","node_id":"b73af9ef-2edc-467a-b03a-12988ff1ed62"}
{"time":"2026-05-11T01:27:33.501733994Z","level":"DEBUG","source":{"function":"workflow-ai/server/internal/api/handlers.(*WorkflowHandler).ReceiveWebhook.func1.1","file":"/app/internal/api/handlers/webhook.go","line":126},"msg":"webhook run event","run_id":"a6ae2aba-b010-4f9e-b947-95d8bd7e29bd","type":"node_started","node_id":"20065fd4-d5b6-45d6-9692-622747d9b41d"}
{"time":"2026-05-11T01:27:34.803842219Z","level":"INFO","source":{"function":"workflow-ai/server/internal/api/handlers.(*WorkflowHandler).StreamRun","file":"/app/internal/api/handlers/runs.go","line":77},"msg":"stream: subscribing to live run","run_id":"a6ae2aba-b010-4f9e-b947-95d8bd7e29bd"}
{"time":"2026-05-11T01:27:35.717251041Z","level":"DEBUG","source":{"function":"workflow-ai/server/internal/api/handlers.(*WorkflowHandler).ReceiveWebhook.func1.1","file":"/app/internal/api/handlers/webhook.go","line":126},"msg":"webhook run event","run_id":"a6ae2aba-b010-4f9e-b947-95d8bd7e29bd","type":"node_output","node_id":"20065fd4-d5b6-45d6-9692-622747d9b41d"}
{"time":"2026-05-11T01:27:35.717530792Z","level":"DEBUG","source":{"function":"workflow-ai/server/internal/api/handlers.(*WorkflowHandler).ReceiveWebhook.func1.1","file":"/app/internal/api/handlers/webhook.go","line":126},"msg":"webhook run event","run_id":"a6ae2aba-b010-4f9e-b947-95d8bd7e29bd","type":"node_completed","node_id":"20065fd4-d5b6-45d6-9692-622747d9b41d"}
{"time":"2026-05-11T01:27:35.717570584Z","level":"DEBUG","source":{"function":"workflow-ai/server/internal/api/handlers.(*WorkflowHandler).StreamRun","file":"/app/internal/api/handlers/runs.go","line":91},"msg":"stream: sending event","run_id":"a6ae2aba-b010-4f9e-b947-95d8bd7e29bd","type":"node_output"}
{"time":"2026-05-11T01:27:35.717592209Z","level":"DEBUG","source":{"function":"workflow-ai/server/internal/api/handlers.(*WorkflowHandler).ReceiveWebhook.func1.1","file":"/app/internal/api/handlers/webhook.go","line":126},"msg":"webhook run event","run_id":"a6ae2aba-b010-4f9e-b947-95d8bd7e29bd","type":"node_started","node_id":"8d3d1613-b1d9-4049-b21d-29a3e7854554"}
{"time":"2026-05-11T01:27:35.71802367Z","level":"DEBUG","source":{"function":"workflow-ai/server/internal/api/handlers.(*WorkflowHandler).ReceiveWebhook.func1.1","file":"/app/internal/api/handlers/webhook.go","line":126},"msg":"webhook run event","run_id":"a6ae2aba-b010-4f9e-b947-95d8bd7e29bd","type":"node_waiting","node_id":"8d3d1613-b1d9-4049-b21d-29a3e7854554"}
{"time":"2026-05-11T01:27:35.717918044Z","level":"DEBUG","source":{"function":"workflow-ai/server/internal/api/handlers.(*WorkflowHandler).StreamRun","file":"/app/internal/api/handlers/runs.go","line":91},"msg":"stream: sending event","run_id":"a6ae2aba-b010-4f9e-b947-95d8bd7e29bd","type":"node_completed"}
{"time":"2026-05-11T01:27:35.718214171Z","level":"DEBUG","source":{"function":"workflow-ai/server/internal/api/handlers.(*WorkflowHandler).StreamRun","file":"/app/internal/api/handlers/runs.go","line":91},"msg":"stream: sending event","run_id":"a6ae2aba-b010-4f9e-b947-95d8bd7e29bd","type":"node_started"}
{"time":"2026-05-11T01:27:35.718324921Z","level":"DEBUG","source":{"function":"workflow-ai/server/internal/api/handlers.(*WorkflowHandler).StreamRun","file":"/app/internal/api/handlers/runs.go","line":91},"msg":"stream: sending event","run_id":"a6ae2aba-b010-4f9e-b947-95d8bd7e29bd","type":"node_waiting"}
{"time":"2026-05-11T01:27:38.665026585Z","level":"DEBUG","source":{"function":"workflow-ai/server/internal/api/handlers.(*WorkflowHandler).ReceiveWebhook.func1.1","file":"/app/internal/api/handlers/webhook.go","line":126},"msg":"webhook run event","run_id":"a6ae2aba-b010-4f9e-b947-95d8bd7e29bd","type":"node_output","node_id":"8d3d1613-b1d9-4049-b21d-29a3e7854554"}
{"time":"2026-05-11T01:27:38.665398795Z","level":"DEBUG","source":{"function":"workflow-ai/server/internal/api/handlers.(*WorkflowHandler).ReceiveWebhook.func1.1","file":"/app/internal/api/handlers/webhook.go","line":126},"msg":"webhook run event","run_id":"a6ae2aba-b010-4f9e-b947-95d8bd7e29bd","type":"node_completed","node_id":"8d3d1613-b1d9-4049-b21d-29a3e7854554"}
{"time":"2026-05-11T01:27:38.665465254Z","level":"DEBUG","source":{"function":"workflow-ai/server/internal/api/handlers.(*WorkflowHandler).ReceiveWebhook.func1.1","file":"/app/internal/api/handlers/webhook.go","line":126},"msg":"webhook run event","run_id":"a6ae2aba-b010-4f9e-b947-95d8bd7e29bd","type":"node_started","node_id":"94643b01-d065-49f5-a696-b790f3eb518b"}
{"time":"2026-05-11T01:27:38.665997173Z","level":"DEBUG","source":{"function":"workflow-ai/server/internal/api/handlers.(*WorkflowHandler).StreamRun","file":"/app/internal/api/handlers/runs.go","line":91},"msg":"stream: sending event","run_id":"a6ae2aba-b010-4f9e-b947-95d8bd7e29bd","type":"node_output"}
{"time":"2026-05-11T01:27:38.666099257Z","level":"DEBUG","source":{"function":"workflow-ai/server/internal/api/handlers.(*WorkflowHandler).StreamRun","file":"/app/internal/api/handlers/runs.go","line":91},"msg":"stream: sending event","run_id":"a6ae2aba-b010-4f9e-b947-95d8bd7e29bd","type":"node_completed"}
{"time":"2026-05-11T01:27:38.666436259Z","level":"DEBUG","source":{"function":"workflow-ai/server/internal/api/handlers.(*WorkflowHandler).StreamRun","file":"/app/internal/api/handlers/runs.go","line":91},"msg":"stream: sending event","run_id":"a6ae2aba-b010-4f9e-b947-95d8bd7e29bd","type":"node_started"}
{"time":"2026-05-11T01:27:38.833865805Z","level":"DEBUG","source":{"function":"workflow-ai/server/internal/api/handlers.(*WorkflowHandler).ReceiveWebhook.func1.1","file":"/app/internal/api/handlers/webhook.go","line":126},"msg":"webhook run event","run_id":"a6ae2aba-b010-4f9e-b947-95d8bd7e29bd","type":"node_output","node_id":"94643b01-d065-49f5-a696-b790f3eb518b"}
{"time":"2026-05-11T01:27:38.840364713Z","level":"DEBUG","source":{"function":"workflow-ai/server/internal/api/handlers.(*WorkflowHandler).ReceiveWebhook.func1.1","file":"/app/internal/api/handlers/webhook.go","line":126},"msg":"webhook run event","run_id":"a6ae2aba-b010-4f9e-b947-95d8bd7e29bd","type":"node_completed","node_id":"94643b01-d065-49f5-a696-b790f3eb518b"}
{"time":"2026-05-11T01:27:38.840800382Z","level":"DEBUG","source":{"function":"workflow-ai/server/internal/api/handlers.(*WorkflowHandler).ReceiveWebhook.func1.1","file":"/app/internal/api/handlers/webhook.go","line":126},"msg":"webhook run event","run_id":"a6ae2aba-b010-4f9e-b947-95d8bd7e29bd","type":"node_started","node_id":"9999dc21-d73c-4913-862a-fccd39e1dc89"}
{"time":"2026-05-11T01:27:38.84108655Z","level":"DEBUG","source":{"function":"workflow-ai/server/internal/api/handlers.(*WorkflowHandler).ReceiveWebhook.func1.1","file":"/app/internal/api/handlers/webhook.go","line":126},"msg":"webhook run event","run_id":"a6ae2aba-b010-4f9e-b947-95d8bd7e29bd","type":"node_output","node_id":"9999dc21-d73c-4913-862a-fccd39e1dc89"}
{"time":"2026-05-11T01:27:38.841505677Z","level":"DEBUG","source":{"function":"workflow-ai/server/internal/api/handlers.(*WorkflowHandler).ReceiveWebhook.func1.1","file":"/app/internal/api/handlers/webhook.go","line":126},"msg":"webhook run event","run_id":"a6ae2aba-b010-4f9e-b947-95d8bd7e29bd","type":"node_completed","node_id":"9999dc21-d73c-4913-862a-fccd39e1dc89"}
{"time":"2026-05-11T01:27:38.841558427Z","level":"DEBUG","source":{"function":"workflow-ai/server/internal/api/handlers.(*WorkflowHandler).ReceiveWebhook.func1.1","file":"/app/internal/api/handlers/webhook.go","line":126},"msg":"webhook run event","run_id":"a6ae2aba-b010-4f9e-b947-95d8bd7e29bd","type":"node_started","node_id":"853e2c9e-fd85-497f-95cf-44094c8a99e3"}
{"time":"2026-05-11T01:27:38.834247182Z","level":"DEBUG","source":{"function":"workflow-ai/server/internal/api/handlers.(*WorkflowHandler).StreamRun","file":"/app/internal/api/handlers/runs.go","line":91},"msg":"stream: sending event","run_id":"a6ae2aba-b010-4f9e-b947-95d8bd7e29bd","type":"node_output"}
{"time":"2026-05-11T01:27:38.842556599Z","level":"DEBUG","source":{"function":"workflow-ai/server/internal/api/handlers.(*WorkflowHandler).StreamRun","file":"/app/internal/api/handlers/runs.go","line":91},"msg":"stream: sending event","run_id":"a6ae2aba-b010-4f9e-b947-95d8bd7e29bd","type":"node_completed"}
{"time":"2026-05-11T01:27:38.842735266Z","level":"DEBUG","source":{"function":"workflow-ai/server/internal/api/handlers.(*WorkflowHandler).StreamRun","file":"/app/internal/api/handlers/runs.go","line":91},"msg":"stream: sending event","run_id":"a6ae2aba-b010-4f9e-b947-95d8bd7e29bd","type":"node_started"}
{"time":"2026-05-11T01:27:38.8428201Z","level":"DEBUG","source":{"function":"workflow-ai/server/internal/api/handlers.(*WorkflowHandler).StreamRun","file":"/app/internal/api/handlers/runs.go","line":91},"msg":"stream: sending event","run_id":"a6ae2aba-b010-4f9e-b947-95d8bd7e29bd","type":"node_output"}
{"time":"2026-05-11T01:27:38.842860184Z","level":"DEBUG","source":{"function":"workflow-ai/server/internal/api/handlers.(*WorkflowHandler).StreamRun","file":"/app/internal/api/handlers/runs.go","line":91},"msg":"stream: sending event","run_id":"a6ae2aba-b010-4f9e-b947-95d8bd7e29bd","type":"node_completed"}
{"time":"2026-05-11T01:27:38.842906225Z","level":"DEBUG","source":{"function":"workflow-ai/server/internal/api/handlers.(*WorkflowHandler).StreamRun","file":"/app/internal/api/handlers/runs.go","line":91},"msg":"stream: sending event","run_id":"a6ae2aba-b010-4f9e-b947-95d8bd7e29bd","type":"node_started"}
{"time":"2026-05-11T01:27:40.372246629Z","level":"DEBUG","source":{"function":"workflow-ai/server/internal/api/handlers.(*WorkflowHandler).ReceiveWebhook.func1.1","file":"/app/internal/api/handlers/webhook.go","line":126},"msg":"webhook run event","run_id":"a6ae2aba-b010-4f9e-b947-95d8bd7e29bd","type":"node_output","node_id":"853e2c9e-fd85-497f-95cf-44094c8a99e3"}
{"time":"2026-05-11T01:27:40.372790174Z","level":"DEBUG","source":{"function":"workflow-ai/server/internal/api/handlers.(*WorkflowHandler).ReceiveWebhook.func1.1","file":"/app/internal/api/handlers/webhook.go","line":126},"msg":"webhook run event","run_id":"a6ae2aba-b010-4f9e-b947-95d8bd7e29bd","type":"node_completed","node_id":"853e2c9e-fd85-497f-95cf-44094c8a99e3"}
{"time":"2026-05-11T01:27:40.376815319Z","level":"DEBUG","source":{"function":"workflow-ai/server/internal/api/handlers.(*WorkflowHandler).ReceiveWebhook.func1.1","file":"/app/internal/api/handlers/webhook.go","line":126},"msg":"webhook run event","run_id":"a6ae2aba-b010-4f9e-b947-95d8bd7e29bd","type":"node_started","node_id":"e0ab85b8-0cca-4762-947d-4824eec541bd"}
{"time":"2026-05-11T01:27:40.37708982Z","level":"DEBUG","source":{"function":"workflow-ai/server/internal/api/handlers.(*WorkflowHandler).ReceiveWebhook.func1.1","file":"/app/internal/api/handlers/webhook.go","line":126},"msg":"webhook run event","run_id":"a6ae2aba-b010-4f9e-b947-95d8bd7e29bd","type":"node_output","node_id":"e0ab85b8-0cca-4762-947d-4824eec541bd"}
{"time":"2026-05-11T01:27:40.377245863Z","level":"DEBUG","source":{"function":"workflow-ai/server/internal/api/handlers.(*WorkflowHandler).ReceiveWebhook.func1.1","file":"/app/internal/api/handlers/webhook.go","line":126},"msg":"webhook run event","run_id":"a6ae2aba-b010-4f9e-b947-95d8bd7e29bd","type":"node_completed","node_id":"e0ab85b8-0cca-4762-947d-4824eec541bd"}
{"time":"2026-05-11T01:27:40.377338572Z","level":"DEBUG","source":{"function":"workflow-ai/server/internal/api/handlers.(*WorkflowHandler).ReceiveWebhook.func1.1","file":"/app/internal/api/handlers/webhook.go","line":126},"msg":"webhook run event","run_id":"a6ae2aba-b010-4f9e-b947-95d8bd7e29bd","type":"workflow_completed","node_id":null}
{"time":"2026-05-11T01:27:40.377469906Z","level":"INFO","source":{"function":"workflow-ai/server/internal/api/handlers.(*WorkflowHandler).ReceiveWebhook.func1","file":"/app/internal/api/handlers/webhook.go","line":131},"msg":"webhook run finished","run_id":"a6ae2aba-b010-4f9e-b947-95d8bd7e29bd","status":"completed","event_count":24}
{"time":"2026-05-11T01:27:40.376961695Z","level":"DEBUG","source":{"function":"workflow-ai/server/internal/api/handlers.(*WorkflowHandler).StreamRun","file":"/app/internal/api/handlers/runs.go","line":91},"msg":"stream: sending event","run_id":"a6ae2aba-b010-4f9e-b947-95d8bd7e29bd","type":"node_output"}
{"time":"2026-05-11T01:27:40.378134326Z","level":"DEBUG","source":{"function":"workflow-ai/server/internal/api/handlers.(*WorkflowHandler).StreamRun","file":"/app/internal/api/handlers/runs.go","line":91},"msg":"stream: sending event","run_id":"a6ae2aba-b010-4f9e-b947-95d8bd7e29bd","type":"node_completed"}
{"time":"2026-05-11T01:27:40.378347535Z","level":"DEBUG","source":{"function":"workflow-ai/server/internal/api/handlers.(*WorkflowHandler).StreamRun","file":"/app/internal/api/handlers/runs.go","line":91},"msg":"stream: sending event","run_id":"a6ae2aba-b010-4f9e-b947-95d8bd7e29bd","type":"node_started"}
{"time":"2026-05-11T01:27:40.378465785Z","level":"DEBUG","source":{"function":"workflow-ai/server/internal/api/handlers.(*WorkflowHandler).StreamRun","file":"/app/internal/api/handlers/runs.go","line":91},"msg":"stream: sending event","run_id":"a6ae2aba-b010-4f9e-b947-95d8bd7e29bd","type":"node_output"}
{"time":"2026-05-11T01:27:40.378600578Z","level":"DEBUG","source":{"function":"workflow-ai/server/internal/api/handlers.(*WorkflowHandler).StreamRun","file":"/app/internal/api/handlers/runs.go","line":91},"msg":"stream: sending event","run_id":"a6ae2aba-b010-4f9e-b947-95d8bd7e29bd","type":"node_completed"}
{"time":"2026-05-11T01:27:40.378691078Z","level":"DEBUG","source":{"function":"workflow-ai/server/internal/api/handlers.(*WorkflowHandler).StreamRun","file":"/app/internal/api/handlers/runs.go","line":91},"msg":"stream: sending event","run_id":"a6ae2aba-b010-4f9e-b947-95d8bd7e29bd","type":"workflow_completed"}
{"time":"2026-05-11T01:27:40.378834412Z","level":"INFO","source":{"function":"workflow-ai/server/internal/api/handlers.(*WorkflowHandler).StreamRun","file":"/app/internal/api/handlers/runs.go","line":96},"msg":"stream: run finished","run_id":"a6ae2aba-b010-4f9e-b947-95d8bd7e29bd","type":"workflow_completed"}
{"time":"2026-05-11T01:31:11.799042882Z","level":"INFO","source":{"function":"main.main","file":"/app/main.go","line":15},"msg":"starting workflow-ai server"}
{"time":"2026-05-11T01:31:11.806154876Z","level":"INFO","source":{"function":"workflow-ai/server/internal/database.NewDBClient","file":"/app/internal/database/db.go","line":32},"msg":"connected to PostgreSQL"}
{"time":"2026-05-11T01:31:11.806270793Z","level":"INFO","source":{"function":"workflow-ai/server/internal/database.(*DBClient).Setup","file":"/app/internal/database/db.go","line":37},"msg":"running database migrations"}
{"time":"2026-05-11T01:31:11.890240964Z","level":"INFO","source":{"function":"workflow-ai/server/internal/database/redis.New","file":"/app/internal/database/redis/db.go","line":14},"msg":"connecting to Redis","addr":"redis:6379"}
{"time":"2026-05-11T01:31:11.891210677Z","level":"INFO","source":{"function":"workflow-ai/server/internal/api.(*Server).Start","file":"/app/internal/api/server.go","line":31},"msg":"server starting","addr":":8080"}
{"time":"2026-05-11T01:31:36.773153234Z","level":"INFO","source":{"function":"main.main","file":"/app/main.go","line":15},"msg":"starting workflow-ai server"}
{"time":"2026-05-11T01:31:36.777091612Z","level":"INFO","source":{"function":"workflow-ai/server/internal/database.NewDBClient","file":"/app/internal/database/db.go","line":32},"msg":"connected to PostgreSQL"}
{"time":"2026-05-11T01:31:36.777188695Z","level":"INFO","source":{"function":"workflow-ai/server/internal/database.(*DBClient).Setup","file":"/app/internal/database/db.go","line":37},"msg":"running database migrations"}
{"time":"2026-05-11T01:31:36.856970673Z","level":"INFO","source":{"function":"workflow-ai/server/internal/database/redis.New","file":"/app/internal/database/redis/db.go","line":14},"msg":"connecting to Redis","addr":"redis:6379"}
{"time":"2026-05-11T01:31:36.858084674Z","level":"INFO","source":{"function":"workflow-ai/server/internal/api.(*Server).Start","file":"/app/internal/api/server.go","line":31},"msg":"server starting","addr":":8080"}
{"time":"2026-05-11T01:32:45.201125077Z","level":"INFO","source":{"function":"workflow-ai/server/internal/api/handlers.(*WorkflowHandler).StreamRun","file":"/app/internal/api/handlers/runs.go","line":61},"msg":"stream: replaying completed run from DB","run_id":"a6ae2aba-b010-4f9e-b947-95d8bd7e29bd","status":"completed"}
{"time":"2026-05-11T01:32:45.201988661Z","level":"INFO","source":{"function":"workflow-ai/server/internal/api/handlers.(*WorkflowHandler).StreamRun","file":"/app/internal/api/handlers/runs.go","line":68},"msg":"stream: replayed events","run_id":"a6ae2aba-b010-4f9e-b947-95d8bd7e29bd","count":24}
{"time":"2026-05-11T01:32:48.315734812Z","level":"INFO","source":{"function":"workflow-ai/server/internal/api/handlers.(*WorkflowHandler).StreamRun","file":"/app/internal/api/handlers/runs.go","line":61},"msg":"stream: replaying completed run from DB","run_id":"a6ae2aba-b010-4f9e-b947-95d8bd7e29bd","status":"completed"}
{"time":"2026-05-11T01:32:48.31813823Z","level":"INFO","source":{"function":"workflow-ai/server/internal/api/handlers.(*WorkflowHandler).StreamRun","file":"/app/internal/api/handlers/runs.go","line":68},"msg":"stream: replayed events","run_id":"a6ae2aba-b010-4f9e-b947-95d8bd7e29bd","count":24}
{"time":"2026-05-11T01:38:55.541629031Z","level":"INFO","source":{"function":"main.main","file":"/app/main.go","line":15},"msg":"starting workflow-ai server"}
{"time":"2026-05-11T01:38:55.546330179Z","level":"INFO","source":{"function":"workflow-ai/server/internal/database.NewDBClient","file":"/app/internal/database/db.go","line":32},"msg":"connected to PostgreSQL"}
{"time":"2026-05-11T01:38:55.546445013Z","level":"INFO","source":{"function":"workflow-ai/server/internal/database.(*DBClient).Setup","file":"/app/internal/database/db.go","line":37},"msg":"running database migrations"}
{"time":"2026-05-11T01:38:55.631737468Z","level":"INFO","source":{"function":"workflow-ai/server/internal/database/redis.New","file":"/app/internal/database/redis/db.go","line":14},"msg":"connecting to Redis","addr":"redis:6379"}
{"time":"2026-05-11T01:38:55.632656431Z","level":"INFO","source":{"function":"workflow-ai/server/internal/api.(*Server).Start","file":"/app/internal/api/server.go","line":31},"msg":"server starting","addr":":8080"}
{"time":"2026-05-11T01:39:06.667657219Z","level":"INFO","source":{"function":"main.main","file":"/app/main.go","line":15},"msg":"starting workflow-ai server"}
{"time":"2026-05-11T01:39:06.671796781Z","level":"INFO","source":{"function":"workflow-ai/server/internal/database.NewDBClient","file":"/app/internal/database/db.go","line":32},"msg":"connected to PostgreSQL"}
{"time":"2026-05-11T01:39:06.671929156Z","level":"INFO","source":{"function":"workflow-ai/server/internal/database.(*DBClient).Setup","file":"/app/internal/database/db.go","line":37},"msg":"running database migrations"}
{"time":"2026-05-11T01:39:06.748071817Z","level":"INFO","source":{"function":"workflow-ai/server/internal/database/redis.New","file":"/app/internal/database/redis/db.go","line":14},"msg":"connecting to Redis","addr":"redis:6379"}
{"time":"2026-05-11T01:39:06.74907953Z","level":"INFO","source":{"function":"workflow-ai/server/internal/api.(*Server).Start","file":"/app/internal/api/server.go","line":31},"msg":"server starting","addr":":8080"}
{"time":"2026-05-11T01:39:24.052216432Z","level":"INFO","source":{"function":"main.main","file":"/app/main.go","line":15},"msg":"starting workflow-ai server"}
{"time":"2026-05-11T01:39:24.057078122Z","level":"INFO","source":{"function":"workflow-ai/server/internal/database.NewDBClient","file":"/app/internal/database/db.go","line":32},"msg":"connected to PostgreSQL"}
{"time":"2026-05-11T01:39:24.057254581Z","level":"INFO","source":{"function":"workflow-ai/server/internal/database.(*DBClient).Setup","file":"/app/internal/database/db.go","line":37},"msg":"running database migrations"}
{"time":"2026-05-11T01:39:24.143483666Z","level":"INFO","source":{"function":"workflow-ai/server/internal/database/redis.New","file":"/app/internal/database/redis/db.go","line":14},"msg":"connecting to Redis","addr":"redis:6379"}
{"time":"2026-05-11T01:39:24.144587713Z","level":"INFO","source":{"function":"workflow-ai/server/internal/api.(*Server).Start","file":"/app/internal/api/server.go","line":31},"msg":"server starting","addr":":8080"}
{"time":"2026-05-11T01:39:27.069571923Z","level":"INFO","source":{"function":"main.main","file":"/app/main.go","line":15},"msg":"starting workflow-ai server"}
{"time":"2026-05-11T01:39:27.074066362Z","level":"INFO","source":{"function":"workflow-ai/server/internal/database.NewDBClient","file":"/app/internal/database/db.go","line":32},"msg":"connected to PostgreSQL"}
{"time":"2026-05-11T01:39:27.074207321Z","level":"INFO","source":{"function":"workflow-ai/server/internal/database.(*DBClient).Setup","file":"/app/internal/database/db.go","line":37},"msg":"running database migrations"}
{"time":"2026-05-11T01:39:27.15496142Z","level":"INFO","source":{"function":"workflow-ai/server/internal/database/redis.New","file":"/app/internal/database/redis/db.go","line":14},"msg":"connecting to Redis","addr":"redis:6379"}
{"time":"2026-05-11T01:39:27.156003134Z","level":"INFO","source":{"function":"workflow-ai/server/internal/api.(*Server).Start","file":"/app/internal/api/server.go","line":31},"msg":"server starting","addr":":8080"}
{"time":"2026-05-11T01:40:12.593078818Z","level":"INFO","source":{"function":"main.main","file":"/app/main.go","line":15},"msg":"starting workflow-ai server"}
{"time":"2026-05-11T01:40:12.600904939Z","level":"INFO","source":{"function":"workflow-ai/server/internal/database.NewDBClient","file":"/app/internal/database/db.go","line":32},"msg":"connected to PostgreSQL"}
{"time":"2026-05-11T01:40:12.601028856Z","level":"INFO","source":{"function":"workflow-ai/server/internal/database.(*DBClient).Setup","file":"/app/internal/database/db.go","line":37},"msg":"running database migrations"}
{"time":"2026-05-11T01:40:12.680794402Z","level":"INFO","source":{"function":"workflow-ai/server/internal/database/redis.New","file":"/app/internal/database/redis/db.go","line":14},"msg":"connecting to Redis","addr":"redis:6379"}
{"time":"2026-05-11T01:40:12.681776948Z","level":"INFO","source":{"function":"workflow-ai/server/internal/api.(*Server).Start","file":"/app/internal/api/server.go","line":31},"msg":"server starting","addr":":8080"}
{"time":"2026-05-11T01:40:15.715446375Z","level":"INFO","source":{"function":"main.main","file":"/app/main.go","line":15},"msg":"starting workflow-ai server"}
{"time":"2026-05-11T01:40:15.719844271Z","level":"INFO","source":{"function":"workflow-ai/server/internal/database.NewDBClient","file":"/app/internal/database/db.go","line":32},"msg":"connected to PostgreSQL"}
{"time":"2026-05-11T01:40:15.719975521Z","level":"INFO","source":{"function":"workflow-ai/server/internal/database.(*DBClient).Setup","file":"/app/internal/database/db.go","line":37},"msg":"running database migrations"}
{"time":"2026-05-11T01:40:15.80198912Z","level":"INFO","source":{"function":"workflow-ai/server/internal/database/redis.New","file":"/app/internal/database/redis/db.go","line":14},"msg":"connecting to Redis","addr":"redis:6379"}
{"time":"2026-05-11T01:40:15.803156542Z","level":"INFO","source":{"function":"workflow-ai/server/internal/api.(*Server).Start","file":"/app/internal/api/server.go","line":31},"msg":"server starting","addr":":8080"}
{"time":"2026-05-11T01:43:37.748779338Z","level":"INFO","source":{"function":"main.main","file":"/app/main.go","line":15},"msg":"starting workflow-ai server"}
{"time":"2026-05-11T01:43:37.754266489Z","level":"INFO","source":{"function":"workflow-ai/server/internal/database.NewDBClient","file":"/app/internal/database/db.go","line":32},"msg":"connected to PostgreSQL"}
{"time":"2026-05-11T01:43:37.75438299Z","level":"INFO","source":{"function":"workflow-ai/server/internal/database.(*DBClient).Setup","file":"/app/internal/database/db.go","line":37},"msg":"running database migrations"}
{"time":"2026-05-11T01:43:37.83632654Z","level":"INFO","source":{"function":"workflow-ai/server/internal/database/redis.New","file":"/app/internal/database/redis/db.go","line":14},"msg":"connecting to Redis","addr":"redis:6379"}
{"time":"2026-05-11T01:43:37.837504421Z","level":"INFO","source":{"function":"workflow-ai/server/internal/api.(*Server).Start","file":"/app/internal/api/server.go","line":31},"msg":"server starting","addr":":8080"}
{"time":"2026-05-11T01:44:08.278841345Z","level":"INFO","source":{"function":"workflow-ai/server/internal/api/handlers.(*WorkflowHandler).ReceiveWebhook","file":"/app/internal/api/handlers/webhook.go","line":107},"msg":"webhook triggered","run_id":"21c606ce-5d6e-4c01-9940-993022449c4a","workflow_id":"221c3d11-f25b-43c0-9677-6ea43c3518a0","workflow_name":"New Workflow"}
{"time":"2026-05-11T01:44:08.280411185Z","level":"DEBUG","source":{"function":"workflow-ai/server/internal/api/handlers.(*WorkflowHandler).ReceiveWebhook.func1.1","file":"/app/internal/api/handlers/webhook.go","line":126},"msg":"webhook run event","run_id":"21c606ce-5d6e-4c01-9940-993022449c4a","type":"workflow_started","node_id":null}
{"time":"2026-05-11T01:44:08.281406732Z","level":"DEBUG","source":{"function":"workflow-ai/server/internal/api/handlers.(*WorkflowHandler).ReceiveWebhook.func1.1","file":"/app/internal/api/handlers/webhook.go","line":126},"msg":"webhook run event","run_id":"21c606ce-5d6e-4c01-9940-993022449c4a","type":"node_started","node_id":"b73af9ef-2edc-467a-b03a-12988ff1ed62"}
{"time":"2026-05-11T01:44:08.281501565Z","level":"DEBUG","source":{"function":"workflow-ai/server/internal/api/handlers.(*WorkflowHandler).ReceiveWebhook.func1.1","file":"/app/internal/api/handlers/webhook.go","line":126},"msg":"webhook run event","run_id":"21c606ce-5d6e-4c01-9940-993022449c4a","type":"node_output","node_id":"b73af9ef-2edc-467a-b03a-12988ff1ed62"}
{"time":"2026-05-11T01:44:08.282174068Z","level":"DEBUG","source":{"function":"workflow-ai/server/internal/api/handlers.(*WorkflowHandler).ReceiveWebhook.func1.1","file":"/app/internal/api/handlers/webhook.go","line":126},"msg":"webhook run event","run_id":"21c606ce-5d6e-4c01-9940-993022449c4a","type":"node_completed","node_id":"b73af9ef-2edc-467a-b03a-12988ff1ed62"}
{"time":"2026-05-11T01:44:08.282260652Z","level":"DEBUG","source":{"function":"workflow-ai/server/internal/api/handlers.(*WorkflowHandler).ReceiveWebhook.func1.1","file":"/app/internal/api/handlers/webhook.go","line":126},"msg":"webhook run event","run_id":"21c606ce-5d6e-4c01-9940-993022449c4a","type":"node_started","node_id":"b1a25b7d-11f1-4612-a9e1-48bd0f9c5495"}
{"time":"2026-05-11T01:44:08.282293152Z","level":"DEBUG","source":{"function":"workflow-ai/server/internal/api/handlers.(*WorkflowHandler).ReceiveWebhook.func1.1","file":"/app/internal/api/handlers/webhook.go","line":126},"msg":"webhook run event","run_id":"21c606ce-5d6e-4c01-9940-993022449c4a","type":"node_output","node_id":"b1a25b7d-11f1-4612-a9e1-48bd0f9c5495"}
{"time":"2026-05-11T01:44:08.282329694Z","level":"DEBUG","source":{"function":"workflow-ai/server/internal/api/handlers.(*WorkflowHandler).ReceiveWebhook.func1.1","file":"/app/internal/api/handlers/webhook.go","line":126},"msg":"webhook run event","run_id":"21c606ce-5d6e-4c01-9940-993022449c4a","type":"node_completed","node_id":"b1a25b7d-11f1-4612-a9e1-48bd0f9c5495"}
{"time":"2026-05-11T01:44:08.282356361Z","level":"DEBUG","source":{"function":"workflow-ai/server/internal/api/handlers.(*WorkflowHandler).ReceiveWebhook.func1.1","file":"/app/internal/api/handlers/webhook.go","line":126},"msg":"webhook run event","run_id":"21c606ce-5d6e-4c01-9940-993022449c4a","type":"node_started","node_id":"3707dae9-fc08-4077-9d03-a3c8afde823d"}
{"time":"2026-05-11T01:44:08.282422403Z","level":"DEBUG","source":{"function":"workflow-ai/server/internal/api/handlers.(*WorkflowHandler).ReceiveWebhook.func1.1","file":"/app/internal/api/handlers/webhook.go","line":126},"msg":"webhook run event","run_id":"21c606ce-5d6e-4c01-9940-993022449c4a","type":"node_output","node_id":"3707dae9-fc08-4077-9d03-a3c8afde823d"}
{"time":"2026-05-11T01:44:08.282488237Z","level":"DEBUG","source":{"function":"workflow-ai/server/internal/api/handlers.(*WorkflowHandler).ReceiveWebhook.func1.1","file":"/app/internal/api/handlers/webhook.go","line":126},"msg":"webhook run event","run_id":"21c606ce-5d6e-4c01-9940-993022449c4a","type":"node_completed","node_id":"3707dae9-fc08-4077-9d03-a3c8afde823d"}
{"time":"2026-05-11T01:44:08.282531862Z","level":"DEBUG","source":{"function":"workflow-ai/server/internal/api/handlers.(*WorkflowHandler).ReceiveWebhook.func1.1","file":"/app/internal/api/handlers/webhook.go","line":126},"msg":"webhook run event","run_id":"21c606ce-5d6e-4c01-9940-993022449c4a","type":"node_started","node_id":"865ac5c0-65ff-4aed-8970-0a2163957793"}
{"time":"2026-05-11T01:44:08.282570779Z","level":"DEBUG","source":{"function":"workflow-ai/server/internal/api/handlers.(*WorkflowHandler).ReceiveWebhook.func1.1","file":"/app/internal/api/handlers/webhook.go","line":126},"msg":"webhook run event","run_id":"21c606ce-5d6e-4c01-9940-993022449c4a","type":"node_output","node_id":"865ac5c0-65ff-4aed-8970-0a2163957793"}
{"time":"2026-05-11T01:44:08.282590695Z","level":"DEBUG","source":{"function":"workflow-ai/server/internal/api/handlers.(*WorkflowHandler).ReceiveWebhook.func1.1","file":"/app/internal/api/handlers/webhook.go","line":126},"msg":"webhook run event","run_id":"21c606ce-5d6e-4c01-9940-993022449c4a","type":"node_completed","node_id":"865ac5c0-65ff-4aed-8970-0a2163957793"}
{"time":"2026-05-11T01:44:08.282609404Z","level":"DEBUG","source":{"function":"workflow-ai/server/internal/api/handlers.(*WorkflowHandler).ReceiveWebhook.func1.1","file":"/app/internal/api/handlers/webhook.go","line":126},"msg":"webhook run event","run_id":"21c606ce-5d6e-4c01-9940-993022449c4a","type":"node_started","node_id":"20065fd4-d5b6-45d6-9692-622747d9b41d"}
{"time":"2026-05-11T01:44:09.529635249Z","level":"DEBUG","source":{"function":"workflow-ai/server/internal/api/handlers.(*WorkflowHandler).ReceiveWebhook.func1.1","file":"/app/internal/api/handlers/webhook.go","line":126},"msg":"webhook run event","run_id":"21c606ce-5d6e-4c01-9940-993022449c4a","type":"node_output","node_id":"20065fd4-d5b6-45d6-9692-622747d9b41d"}
{"time":"2026-05-11T01:44:09.532267553Z","level":"DEBUG","source":{"function":"workflow-ai/server/internal/api/handlers.(*WorkflowHandler).ReceiveWebhook.func1.1","file":"/app/internal/api/handlers/webhook.go","line":126},"msg":"webhook run event","run_id":"21c606ce-5d6e-4c01-9940-993022449c4a","type":"node_completed","node_id":"20065fd4-d5b6-45d6-9692-622747d9b41d"}
{"time":"2026-05-11T01:44:09.532426595Z","level":"DEBUG","source":{"function":"workflow-ai/server/internal/api/handlers.(*WorkflowHandler).ReceiveWebhook.func1.1","file":"/app/internal/api/handlers/webhook.go","line":126},"msg":"webhook run event","run_id":"21c606ce-5d6e-4c01-9940-993022449c4a","type":"node_started","node_id":"8d3d1613-b1d9-4049-b21d-29a3e7854554"}
{"time":"2026-05-11T01:44:09.532525095Z","level":"DEBUG","source":{"function":"workflow-ai/server/internal/api/handlers.(*WorkflowHandler).ReceiveWebhook.func1.1","file":"/app/internal/api/handlers/webhook.go","line":126},"msg":"webhook run event","run_id":"21c606ce-5d6e-4c01-9940-993022449c4a","type":"node_waiting","node_id":"8d3d1613-b1d9-4049-b21d-29a3e7854554"}
{"time":"2026-05-11T01:44:09.59227375Z","level":"INFO","source":{"function":"workflow-ai/server/internal/api/handlers.(*WorkflowHandler).StreamRun","file":"/app/internal/api/handlers/runs.go","line":77},"msg":"stream: subscribing to live run","run_id":"21c606ce-5d6e-4c01-9940-993022449c4a"}
{"time":"2026-05-11T01:44:40.542595892Z","level":"INFO","source":{"function":"main.main","file":"/app/main.go","line":15},"msg":"starting workflow-ai server"}
{"time":"2026-05-11T01:44:40.547860167Z","level":"INFO","source":{"function":"workflow-ai/server/internal/database.NewDBClient","file":"/app/internal/database/db.go","line":32},"msg":"connected to PostgreSQL"}
{"time":"2026-05-11T01:44:40.548032293Z","level":"INFO","source":{"function":"workflow-ai/server/internal/database.(*DBClient).Setup","file":"/app/internal/database/db.go","line":37},"msg":"running database migrations"}
{"time":"2026-05-11T01:44:40.650317314Z","level":"INFO","source":{"function":"workflow-ai/server/internal/database/redis.New","file":"/app/internal/database/redis/db.go","line":14},"msg":"connecting to Redis","addr":"redis:6379"}
{"time":"2026-05-11T01:44:40.651538819Z","level":"INFO","source":{"function":"workflow-ai/server/internal/api.(*Server).Start","file":"/app/internal/api/server.go","line":31},"msg":"server starting","addr":":8080"}
{"time":"2026-05-11T01:45:07.887234965Z","level":"INFO","source":{"function":"workflow-ai/server/internal/api/handlers.(*WorkflowHandler).StreamRun","file":"/app/internal/api/handlers/runs.go","line":77},"msg":"stream: subscribing to live run","run_id":"21c606ce-5d6e-4c01-9940-993022449c4a"}
{"time":"2026-05-11T01:45:25.252973452Z","level":"INFO","source":{"function":"workflow-ai/server/internal/api/handlers.(*WorkflowHandler).StreamRun","file":"/app/internal/api/handlers/runs.go","line":61},"msg":"stream: replaying completed run from DB","run_id":"a6ae2aba-b010-4f9e-b947-95d8bd7e29bd","status":"completed"}
{"time":"2026-05-11T01:45:25.253305036Z","level":"INFO","source":{"function":"workflow-ai/server/internal/api/handlers.(*WorkflowHandler).StreamRun","file":"/app/internal/api/handlers/runs.go","line":68},"msg":"stream: replayed events","run_id":"a6ae2aba-b010-4f9e-b947-95d8bd7e29bd","count":24}
{"time":"2026-05-11T01:45:37.207787504Z","level":"INFO","source":{"function":"main.main","file":"/app/main.go","line":15},"msg":"starting workflow-ai server"}
{"time":"2026-05-11T01:45:37.211957315Z","level":"INFO","source":{"function":"workflow-ai/server/internal/database.NewDBClient","file":"/app/internal/database/db.go","line":32},"msg":"connected to PostgreSQL"}
{"time":"2026-05-11T01:45:37.212203983Z","level":"INFO","source":{"function":"workflow-ai/server/internal/database.(*DBClient).Setup","file":"/app/internal/database/db.go","line":37},"msg":"running database migrations"}
{"time":"2026-05-11T01:45:37.292664568Z","level":"INFO","source":{"function":"workflow-ai/server/internal/database/redis.New","file":"/app/internal/database/redis/db.go","line":14},"msg":"connecting to Redis","addr":"redis:6379"}
{"time":"2026-05-11T01:45:37.29351753Z","level":"INFO","source":{"function":"workflow-ai/server/internal/api.(*Server).Start","file":"/app/internal/api/server.go","line":31},"msg":"server starting","addr":":8080"}
{"time":"2026-05-11T01:50:37.31336002Z","level":"INFO","source":{"function":"workflow-ai/server/internal/api/handlers.(*WorkflowHandler).runDueSchedules","file":"/app/internal/api/handlers/schedule.go","line":84},"msg":"scheduler: firing workflow","workflow_id":"65c5c676-3810-49e4-b4e9-06136812b3c5","frequency":""}
{"time":"2026-05-11T01:50:37.323311483Z","level":"INFO","source":{"function":"workflow-ai/server/internal/api/handlers.(*WorkflowHandler).runDueSchedules","file":"/app/internal/api/handlers/schedule.go","line":84},"msg":"scheduler: firing workflow","workflow_id":"8bda6091-45b7-491e-9a70-a23604d842fb","frequency":""}
{"time":"2026-05-11T01:55:37.301162576Z","level":"INFO","source":{"function":"workflow-ai/server/internal/api/handlers.(*WorkflowHandler).runDueSchedules","file":"/app/internal/api/handlers/schedule.go","line":84},"msg":"scheduler: firing workflow","workflow_id":"e94854b4-0999-4485-b4d9-c4877693a3a3","frequency":"daily"}
{"time":"2026-05-11T02:03:50.223343189Z","level":"INFO","source":{"function":"main.main","file":"/app/main.go","line":15},"msg":"starting workflow-ai server"}
{"time":"2026-05-11T02:03:50.227116911Z","level":"INFO","source":{"function":"workflow-ai/server/internal/database.NewDBClient","file":"/app/internal/database/db.go","line":32},"msg":"connected to PostgreSQL"}
{"time":"2026-05-11T02:03:50.227255286Z","level":"INFO","source":{"function":"workflow-ai/server/internal/database.(*DBClient).Setup","file":"/app/internal/database/db.go","line":37},"msg":"running database migrations"}
{"time":"2026-05-11T02:03:50.304902357Z","level":"INFO","source":{"function":"workflow-ai/server/internal/database/redis.New","file":"/app/internal/database/redis/db.go","line":14},"msg":"connecting to Redis","addr":"redis:6379"}
{"time":"2026-05-11T02:03:50.306036194Z","level":"INFO","source":{"function":"workflow-ai/server/internal/api.(*Server).Start","file":"/app/internal/api/server.go","line":31},"msg":"server starting","addr":":8080"}
{"time":"2026-05-11T02:05:50.317274954Z","level":"INFO","source":{"function":"workflow-ai/server/internal/api/handlers.(*WorkflowHandler).runDueSchedules","file":"/app/internal/api/handlers/schedule.go","line":84},"msg":"scheduler: firing workflow","workflow_id":"e94854b4-0999-4485-b4d9-c4877693a3a3","frequency":"daily"}
{"time":"2026-05-11T02:06:41.549198742Z","level":"INFO","source":{"function":"main.main","file":"/app/main.go","line":15},"msg":"starting workflow-ai server"}
{"time":"2026-05-11T02:06:41.555879396Z","level":"INFO","source":{"function":"workflow-ai/server/internal/database.NewDBClient","file":"/app/internal/database/db.go","line":32},"msg":"connected to PostgreSQL"}
{"time":"2026-05-11T02:06:41.556061147Z","level":"INFO","source":{"function":"workflow-ai/server/internal/database.(*DBClient).Setup","file":"/app/internal/database/db.go","line":37},"msg":"running database migrations"}
{"time":"2026-05-11T02:06:41.64200328Z","level":"INFO","source":{"function":"workflow-ai/server/internal/database/redis.New","file":"/app/internal/database/redis/db.go","line":14},"msg":"connecting to Redis","addr":"redis:6379"}
{"time":"2026-05-11T02:06:41.642875117Z","level":"INFO","source":{"function":"workflow-ai/server/internal/api.(*Server).Start","file":"/app/internal/api/server.go","line":31},"msg":"server starting","addr":":8080"}
{"time":"2026-05-11T02:06:44.215463239Z","level":"INFO","source":{"function":"main.main","file":"/app/main.go","line":15},"msg":"starting workflow-ai server"}
{"time":"2026-05-11T02:06:44.219503132Z","level":"INFO","source":{"function":"workflow-ai/server/internal/database.NewDBClient","file":"/app/internal/database/db.go","line":32},"msg":"connected to PostgreSQL"}
{"time":"2026-05-11T02:06:44.219633882Z","level":"INFO","source":{"function":"workflow-ai/server/internal/database.(*DBClient).Setup","file":"/app/internal/database/db.go","line":37},"msg":"running database migrations"}
{"time":"2026-05-11T02:06:44.304877387Z","level":"INFO","source":{"function":"workflow-ai/server/internal/database/redis.New","file":"/app/internal/database/redis/db.go","line":14},"msg":"connecting to Redis","addr":"redis:6379"}
{"time":"2026-05-11T02:06:44.305829016Z","level":"INFO","source":{"function":"workflow-ai/server/internal/api.(*Server).Start","file":"/app/internal/api/server.go","line":31},"msg":"server starting","addr":":8080"}
{"time":"2026-05-11T02:18:48.803098532Z","level":"INFO","source":{"function":"workflow-ai/server/internal/api/handlers.(*WorkflowHandler).StreamRun","file":"/app/internal/api/handlers/runs.go","line":76},"msg":"stream: replaying completed run from DB","run_id":"a6ae2aba-b010-4f9e-b947-95d8bd7e29bd","status":"completed"}
{"time":"2026-05-11T02:18:48.808370721Z","level":"INFO","source":{"function":"workflow-ai/server/internal/api/handlers.(*WorkflowHandler).StreamRun","file":"/app/internal/api/handlers/runs.go","line":83},"msg":"stream: replayed events","run_id":"a6ae2aba-b010-4f9e-b947-95d8bd7e29bd","count":24}
{"time":"2026-05-11T02:18:49.432386857Z","level":"INFO","source":{"function":"workflow-ai/server/internal/api/handlers.(*WorkflowHandler).StreamRun","file":"/app/internal/api/handlers/runs.go","line":76},"msg":"stream: replaying completed run from DB","run_id":"a6ae2aba-b010-4f9e-b947-95d8bd7e29bd","status":"completed"}
{"time":"2026-05-11T02:18:49.433366403Z","level":"INFO","source":{"function":"workflow-ai/server/internal/api/handlers.(*WorkflowHandler).StreamRun","file":"/app/internal/api/handlers/runs.go","line":83},"msg":"stream: replayed events","run_id":"a6ae2aba-b010-4f9e-b947-95d8bd7e29bd","count":24}
{"time":"2026-05-11T02:18:54.61502725Z","level":"INFO","source":{"function":"workflow-ai/server/internal/api/handlers.(*WorkflowHandler).StreamRun","file":"/app/internal/api/handlers/runs.go","line":92},"msg":"stream: subscribing to live run","run_id":"21c606ce-5d6e-4c01-9940-993022449c4a"}
{"time":"2026-05-11T02:28:44.313431384Z","level":"INFO","source":{"function":"workflow-ai/server/internal/api/handlers.(*WorkflowHandler).runDueSchedules","file":"/app/internal/api/handlers/schedule.go","line":84},"msg":"scheduler: firing workflow","workflow_id":"e94854b4-0999-4485-b4d9-c4877693a3a3","frequency":"daily"}
{"time":"2026-05-11T02:32:44.310389955Z","level":"INFO","source":{"function":"workflow-ai/server/internal/api/handlers.(*WorkflowHandler).runDueSchedules","file":"/app/internal/api/handlers/schedule.go","line":84},"msg":"scheduler: firing workflow","workflow_id":"e94854b4-0999-4485-b4d9-c4877693a3a3","frequency":"daily"}
{"time":"2026-05-11T02:33:46.746990447Z","level":"INFO","source":{"function":"main.main","file":"/app/main.go","line":15},"msg":"starting workflow-ai server"}
{"time":"2026-05-11T02:33:46.752087552Z","level":"INFO","source":{"function":"workflow-ai/server/internal/database.NewDBClient","file":"/app/internal/database/db.go","line":32},"msg":"connected to PostgreSQL"}
{"time":"2026-05-11T02:33:46.752212553Z","level":"INFO","source":{"function":"workflow-ai/server/internal/database.(*DBClient).Setup","file":"/app/internal/database/db.go","line":37},"msg":"running database migrations"}
{"time":"2026-05-11T02:33:46.834101996Z","level":"INFO","source":{"function":"workflow-ai/server/internal/database/redis.New","file":"/app/internal/database/redis/db.go","line":14},"msg":"connecting to Redis","addr":"redis:6379"}
{"time":"2026-05-11T02:33:46.84215374Z","level":"INFO","source":{"function":"workflow-ai/server/internal/api.(*Server).Start","file":"/app/internal/api/server.go","line":31},"msg":"server starting","addr":":8080"}
{"time":"2026-05-11T02:33:55.794511644Z","level":"INFO","source":{"function":"main.main","file":"/app/main.go","line":15},"msg":"starting workflow-ai server"}
{"time":"2026-05-11T02:33:55.798784163Z","level":"INFO","source":{"function":"workflow-ai/server/internal/database.NewDBClient","file":"/app/internal/database/db.go","line":32},"msg":"connected to PostgreSQL"}
{"time":"2026-05-11T02:33:55.79889833Z","level":"INFO","source":{"function":"workflow-ai/server/internal/database.(*DBClient).Setup","file":"/app/internal/database/db.go","line":37},"msg":"running database migrations"}
{"time":"2026-05-11T02:33:55.878917432Z","level":"INFO","source":{"function":"workflow-ai/server/internal/database/redis.New","file":"/app/internal/database/redis/db.go","line":14},"msg":"connecting to Redis","addr":"redis:6379"}
{"time":"2026-05-11T02:33:55.880245021Z","level":"INFO","source":{"function":"workflow-ai/server/internal/api.(*Server).Start","file":"/app/internal/api/server.go","line":31},"msg":"server starting","addr":":8080"}
{"time":"2026-05-11T02:34:14.290569676Z","level":"INFO","source":{"function":"main.main","file":"/app/main.go","line":15},"msg":"starting workflow-ai server"}
{"time":"2026-05-11T02:34:14.294918779Z","level":"INFO","source":{"function":"workflow-ai/server/internal/database.NewDBClient","file":"/app/internal/database/db.go","line":32},"msg":"connected to PostgreSQL"}
{"time":"2026-05-11T02:34:14.295043946Z","level":"INFO","source":{"function":"workflow-ai/server/internal/database.(*DBClient).Setup","file":"/app/internal/database/db.go","line":37},"msg":"running database migrations"}
{"time":"2026-05-11T02:34:14.37499463Z","level":"INFO","source":{"function":"workflow-ai/server/internal/database/redis.New","file":"/app/internal/database/redis/db.go","line":14},"msg":"connecting to Redis","addr":"redis:6379"}
{"time":"2026-05-11T02:34:14.375964968Z","level":"INFO","source":{"function":"workflow-ai/server/internal/api.(*Server).Start","file":"/app/internal/api/server.go","line":31},"msg":"server starting","addr":":8080"}
{"time":"2026-05-11T02:34:27.091474443Z","level":"INFO","source":{"function":"main.main","file":"/app/main.go","line":15},"msg":"starting workflow-ai server"}
{"time":"2026-05-11T02:34:27.095087167Z","level":"INFO","source":{"function":"workflow-ai/server/internal/database.NewDBClient","file":"/app/internal/database/db.go","line":32},"msg":"connected to PostgreSQL"}
{"time":"2026-05-11T02:34:27.095191334Z","level":"INFO","source":{"function":"workflow-ai/server/internal/database.(*DBClient).Setup","file":"/app/internal/database/db.go","line":37},"msg":"running database migrations"}
{"time":"2026-05-11T02:34:27.175421187Z","level":"INFO","source":{"function":"workflow-ai/server/internal/database/redis.New","file":"/app/internal/database/redis/db.go","line":14},"msg":"connecting to Redis","addr":"redis:6379"}
{"time":"2026-05-11T02:34:27.176419816Z","level":"INFO","source":{"function":"workflow-ai/server/internal/api.(*Server).Start","file":"/app/internal/api/server.go","line":31},"msg":"server starting","addr":":8080"}
{"time":"2026-05-11T02:34:36.681405065Z","level":"INFO","source":{"function":"main.main","file":"/app/main.go","line":15},"msg":"starting workflow-ai server"}
{"time":"2026-05-11T02:34:36.685235998Z","level":"INFO","source":{"function":"workflow-ai/server/internal/database.NewDBClient","file":"/app/internal/database/db.go","line":32},"msg":"connected to PostgreSQL"}
{"time":"2026-05-11T02:34:36.685359832Z","level":"INFO","source":{"function":"workflow-ai/server/internal/database.(*DBClient).Setup","file":"/app/internal/database/db.go","line":37},"msg":"running database migrations"}
{"time":"2026-05-11T02:34:36.762249378Z","level":"INFO","source":{"function":"workflow-ai/server/internal/database/redis.New","file":"/app/internal/database/redis/db.go","line":14},"msg":"connecting to Redis","addr":"redis:6379"}
{"time":"2026-05-11T02:34:36.7634098Z","level":"INFO","source":{"function":"workflow-ai/server/internal/api.(*Server).Start","file":"/app/internal/api/server.go","line":31},"msg":"server starting","addr":":8080"}
{"time":"2026-05-11T02:35:05.12041331Z","level":"INFO","source":{"function":"workflow-ai/server/internal/api/handlers.(*WorkflowHandler).StreamRun","file":"/app/internal/api/handlers/runs.go","line":110},"msg":"stream: replaying completed run from DB","run_id":"a6ae2aba-b010-4f9e-b947-95d8bd7e29bd","status":"completed"}
{"time":"2026-05-11T02:35:05.12079177Z","level":"INFO","source":{"function":"workflow-ai/server/internal/api/handlers.(*WorkflowHandler).StreamRun","file":"/app/internal/api/handlers/runs.go","line":117},"msg":"stream: replayed events","run_id":"a6ae2aba-b010-4f9e-b947-95d8bd7e29bd","count":24}
{"time":"2026-05-11T02:37:36.83651Z","level":"INFO","source":{"function":"workflow-ai/server/internal/api/handlers.(*WorkflowHandler).runDueSchedules","file":"/app/internal/api/handlers/schedule.go","line":84},"msg":"scheduler: firing workflow","workflow_id":"e94854b4-0999-4485-b4d9-c4877693a3a3","frequency":"daily"}
{"time":"2026-05-11T02:37:36.876170672Z","level":"INFO","source":{"function":"workflow-ai/server/internal/api/handlers.(*WorkflowHandler).StreamRun","file":"/app/internal/api/handlers/runs.go","line":126},"msg":"stream: subscribing to live run","run_id":"b9643898-14dd-4f42-bff2-9668858703f2"}
{"time":"2026-05-11T02:37:43.121510781Z","level":"DEBUG","source":{"function":"workflow-ai/server/internal/api/handlers.(*WorkflowHandler).StreamRun","file":"/app/internal/api/handlers/runs.go","line":140},"msg":"stream: sending event","run_id":"b9643898-14dd-4f42-bff2-9668858703f2","type":"node_output"}
{"time":"2026-05-11T02:37:43.122888412Z","level":"DEBUG","source":{"function":"workflow-ai/server/internal/api/handlers.(*WorkflowHandler).StreamRun","file":"/app/internal/api/handlers/runs.go","line":140},"msg":"stream: sending event","run_id":"b9643898-14dd-4f42-bff2-9668858703f2","type":"node_completed"}
{"time":"2026-05-11T02:37:43.123306705Z","level":"DEBUG","source":{"function":"workflow-ai/server/internal/api/handlers.(*WorkflowHandler).StreamRun","file":"/app/internal/api/handlers/runs.go","line":140},"msg":"stream: sending event","run_id":"b9643898-14dd-4f42-bff2-9668858703f2","type":"node_started"}
{"time":"2026-05-11T02:37:43.355461762Z","level":"DEBUG","source":{"function":"workflow-ai/server/internal/api/handlers.(*WorkflowHandler).StreamRun","file":"/app/internal/api/handlers/runs.go","line":140},"msg":"stream: sending event","run_id":"b9643898-14dd-4f42-bff2-9668858703f2","type":"node_output"}
{"time":"2026-05-11T02:37:43.359470947Z","level":"DEBUG","source":{"function":"workflow-ai/server/internal/api/handlers.(*WorkflowHandler).StreamRun","file":"/app/internal/api/handlers/runs.go","line":140},"msg":"stream: sending event","run_id":"b9643898-14dd-4f42-bff2-9668858703f2","type":"node_completed"}
{"time":"2026-05-11T02:37:43.360277117Z","level":"DEBUG","source":{"function":"workflow-ai/server/internal/api/handlers.(*WorkflowHandler).StreamRun","file":"/app/internal/api/handlers/runs.go","line":140},"msg":"stream: sending event","run_id":"b9643898-14dd-4f42-bff2-9668858703f2","type":"workflow_completed"}
{"time":"2026-05-11T02:37:43.361531081Z","level":"INFO","source":{"function":"workflow-ai/server/internal/api/handlers.(*WorkflowHandler).StreamRun","file":"/app/internal/api/handlers/runs.go","line":145},"msg":"stream: run finished","run_id":"b9643898-14dd-4f42-bff2-9668858703f2","type":"workflow_completed"}
{"time":"2026-05-11T02:47:02.188627219Z","level":"INFO","source":{"function":"workflow-ai/server/internal/api/handlers.(*WorkflowHandler).StreamRun","file":"/app/internal/api/handlers/runs.go","line":110},"msg":"stream: replaying completed run from DB","run_id":"a6ae2aba-b010-4f9e-b947-95d8bd7e29bd","status":"completed"}
{"time":"2026-05-11T02:47:02.190054058Z","level":"INFO","source":{"function":"workflow-ai/server/internal/api/handlers.(*WorkflowHandler).StreamRun","file":"/app/internal/api/handlers/runs.go","line":117},"msg":"stream: replayed events","run_id":"a6ae2aba-b010-4f9e-b947-95d8bd7e29bd","count":24}
{"time":"2026-05-11T02:51:36.828360597Z","level":"INFO","source":{"function":"workflow-ai/server/internal/api/handlers.(*WorkflowHandler).runDueSchedules","file":"/app/internal/api/handlers/schedule.go","line":84},"msg":"scheduler: firing workflow","workflow_id":"65c5c676-3810-49e4-b4e9-06136812b3c5","frequency":""}
{"time":"2026-05-11T02:51:36.844963089Z","level":"INFO","source":{"function":"workflow-ai/server/internal/api/handlers.(*WorkflowHandler).runDueSchedules","file":"/app/internal/api/handlers/schedule.go","line":84},"msg":"scheduler: firing workflow","workflow_id":"8bda6091-45b7-491e-9a70-a23604d842fb","frequency":""}
{"time":"2026-05-11T07:05:01.989658854Z","level":"INFO","source":{"function":"workflow-ai/server/internal/api/handlers.(*WorkflowHandler).runDueSchedules","file":"/app/internal/api/handlers/schedule.go","line":84},"msg":"scheduler: firing workflow","workflow_id":"65c5c676-3810-49e4-b4e9-06136812b3c5","frequency":""}
{"time":"2026-05-11T07:05:02.011013261Z","level":"INFO","source":{"function":"workflow-ai/server/internal/api/handlers.(*WorkflowHandler).runDueSchedules","file":"/app/internal/api/handlers/schedule.go","line":84},"msg":"scheduler: firing workflow","workflow_id":"8bda6091-45b7-491e-9a70-a23604d842fb","frequency":""}
{"time":"2026-05-11T07:15:28.644158569Z","level":"INFO","source":{"function":"main.main","file":"/app/main.go","line":15},"msg":"starting workflow-ai server"}
{"time":"2026-05-11T07:15:28.64924116Z","level":"INFO","source":{"function":"workflow-ai/server/internal/database.NewDBClient","file":"/app/internal/database/db.go","line":32},"msg":"connected to PostgreSQL"}
{"time":"2026-05-11T07:15:28.649356244Z","level":"INFO","source":{"function":"workflow-ai/server/internal/database.(*DBClient).Setup","file":"/app/internal/database/db.go","line":37},"msg":"running database migrations"}
{"time":"2026-05-11T07:15:28.728561614Z","level":"INFO","source":{"function":"workflow-ai/server/internal/database/redis.New","file":"/app/internal/database/redis/db.go","line":14},"msg":"connecting to Redis","addr":"redis:6379"}
{"time":"2026-05-11T07:15:28.730068991Z","level":"INFO","source":{"function":"workflow-ai/server/internal/api.(*Server).Start","file":"/app/internal/api/server.go","line":31},"msg":"server starting","addr":":8080"}
{"time":"2026-05-11T07:30:38.731076919Z","level":"INFO","source":{"function":"main.main","file":"/app/main.go","line":15},"msg":"starting workflow-ai server"}
{"time":"2026-05-11T07:30:38.738607795Z","level":"INFO","source":{"function":"workflow-ai/server/internal/database.NewDBClient","file":"/app/internal/database/db.go","line":32},"msg":"connected to PostgreSQL"}
{"time":"2026-05-11T07:30:38.738718503Z","level":"INFO","source":{"function":"workflow-ai/server/internal/database.(*DBClient).Setup","file":"/app/internal/database/db.go","line":37},"msg":"running database migrations"}
{"time":"2026-05-11T07:30:38.818789179Z","level":"INFO","source":{"function":"workflow-ai/server/internal/database/redis.New","file":"/app/internal/database/redis/db.go","line":14},"msg":"connecting to Redis","addr":"redis:6379"}
{"time":"2026-05-11T07:30:38.819848555Z","level":"INFO","source":{"function":"workflow-ai/server/internal/api.(*Server).Start","file":"/app/internal/api/server.go","line":31},"msg":"server starting","addr":":8080"}
{"time":"2026-05-11T07:30:55.696797635Z","level":"INFO","source":{"function":"main.main","file":"/app/main.go","line":15},"msg":"starting workflow-ai server"}
{"time":"2026-05-11T07:30:55.700481747Z","level":"INFO","source":{"function":"workflow-ai/server/internal/database.NewDBClient","file":"/app/internal/database/db.go","line":32},"msg":"connected to PostgreSQL"}
{"time":"2026-05-11T07:30:55.700580247Z","level":"INFO","source":{"function":"workflow-ai/server/internal/database.(*DBClient).Setup","file":"/app/internal/database/db.go","line":37},"msg":"running database migrations"}
{"time":"2026-05-11T07:30:55.781436546Z","level":"INFO","source":{"function":"workflow-ai/server/internal/database/redis.New","file":"/app/internal/database/redis/db.go","line":14},"msg":"connecting to Redis","addr":"redis:6379"}
{"time":"2026-05-11T07:30:55.782449971Z","level":"INFO","source":{"function":"workflow-ai/server/internal/api.(*Server).Start","file":"/app/internal/api/server.go","line":31},"msg":"server starting","addr":":8080"}
{"time":"2026-05-11T07:46:30.08790397Z","level":"INFO","source":{"function":"main.main","file":"/app/main.go","line":15},"msg":"starting workflow-ai server"}
{"time":"2026-05-11T07:46:30.098457687Z","level":"INFO","source":{"function":"workflow-ai/server/internal/database.NewDBClient","file":"/app/internal/database/db.go","line":32},"msg":"connected to PostgreSQL"}
{"time":"2026-05-11T07:46:30.09858065Z","level":"INFO","source":{"function":"workflow-ai/server/internal/database.(*DBClient).Setup","file":"/app/internal/database/db.go","line":37},"msg":"running database migrations"}
{"time":"2026-05-11T07:46:30.18697028Z","level":"INFO","source":{"function":"workflow-ai/server/internal/database/redis.New","file":"/app/internal/database/redis/db.go","line":14},"msg":"connecting to Redis","addr":"redis:6379"}
{"time":"2026-05-11T07:46:30.188147448Z","level":"INFO","source":{"function":"workflow-ai/server/internal/api.(*Server).Start","file":"/app/internal/api/server.go","line":31},"msg":"server starting","addr":":8080"}
{"time":"2026-05-11T07:49:28.986144384Z","level":"INFO","source":{"function":"main.main","file":"/app/main.go","line":15},"msg":"starting workflow-ai server"}
{"time":"2026-05-11T07:49:28.993714186Z","level":"INFO","source":{"function":"workflow-ai/server/internal/database.NewDBClient","file":"/app/internal/database/db.go","line":32},"msg":"connected to PostgreSQL"}
{"time":"2026-05-11T07:49:28.993836814Z","level":"INFO","source":{"function":"workflow-ai/server/internal/database.(*DBClient).Setup","file":"/app/internal/database/db.go","line":37},"msg":"running database migrations"}
{"time":"2026-05-11T07:49:29.074599619Z","level":"INFO","source":{"function":"workflow-ai/server/internal/database/redis.New","file":"/app/internal/database/redis/db.go","line":14},"msg":"connecting to Redis","addr":"redis:6379"}
{"time":"2026-05-11T07:49:29.076601833Z","level":"INFO","source":{"function":"workflow-ai/server/internal/api.(*Server).Start","file":"/app/internal/api/server.go","line":31},"msg":"server starting","addr":":8080"}
{"time":"2026-05-11T07:50:26.377134326Z","level":"INFO","source":{"function":"main.main","file":"/app/main.go","line":15},"msg":"starting workflow-ai server"}
{"time":"2026-05-11T07:50:26.381435587Z","level":"INFO","source":{"function":"workflow-ai/server/internal/database.NewDBClient","file":"/app/internal/database/db.go","line":32},"msg":"connected to PostgreSQL"}
{"time":"2026-05-11T07:50:26.381557464Z","level":"INFO","source":{"function":"workflow-ai/server/internal/database.(*DBClient).Setup","file":"/app/internal/database/db.go","line":37},"msg":"running database migrations"}
{"time":"2026-05-11T07:50:26.460456343Z","level":"INFO","source":{"function":"workflow-ai/server/internal/database/redis.New","file":"/app/internal/database/redis/db.go","line":14},"msg":"connecting to Redis","addr":"redis:6379"}
{"time":"2026-05-11T07:50:26.461636525Z","level":"INFO","source":{"function":"workflow-ai/server/internal/api.(*Server).Start","file":"/app/internal/api/server.go","line":31},"msg":"server starting","addr":":8080"}
{"time":"2026-05-11T07:50:32.673371109Z","level":"INFO","source":{"function":"main.main","file":"/app/main.go","line":15},"msg":"starting workflow-ai server"}
{"time":"2026-05-11T07:50:32.677039612Z","level":"INFO","source":{"function":"workflow-ai/server/internal/database.NewDBClient","file":"/app/internal/database/db.go","line":32},"msg":"connected to PostgreSQL"}
{"time":"2026-05-11T07:50:32.677131821Z","level":"INFO","source":{"function":"workflow-ai/server/internal/database.(*DBClient).Setup","file":"/app/internal/database/db.go","line":37},"msg":"running database migrations"}
{"time":"2026-05-11T07:50:32.756024201Z","level":"INFO","source":{"function":"workflow-ai/server/internal/database/redis.New","file":"/app/internal/database/redis/db.go","line":14},"msg":"connecting to Redis","addr":"redis:6379"}
{"time":"2026-05-11T07:50:32.757829015Z","level":"INFO","source":{"function":"workflow-ai/server/internal/api.(*Server).Start","file":"/app/internal/api/server.go","line":31},"msg":"server starting","addr":":8080"}
{"time":"2026-05-11T07:50:55.985674876Z","level":"INFO","source":{"function":"main.main","file":"/app/main.go","line":15},"msg":"starting workflow-ai server"}
{"time":"2026-05-11T07:50:55.990769605Z","level":"INFO","source":{"function":"workflow-ai/server/internal/database.NewDBClient","file":"/app/internal/database/db.go","line":32},"msg":"connected to PostgreSQL"}
{"time":"2026-05-11T07:50:55.990882815Z","level":"INFO","source":{"function":"workflow-ai/server/internal/database.(*DBClient).Setup","file":"/app/internal/database/db.go","line":37},"msg":"running database migrations"}
{"time":"2026-05-11T07:50:56.075392888Z","level":"INFO","source":{"function":"workflow-ai/server/internal/database/redis.New","file":"/app/internal/database/redis/db.go","line":14},"msg":"connecting to Redis","addr":"redis:6379"}
{"time":"2026-05-11T07:50:56.076235357Z","level":"INFO","source":{"function":"workflow-ai/server/internal/api.(*Server).Start","file":"/app/internal/api/server.go","line":31},"msg":"server starting","addr":":8080"}
{"time":"2026-05-11T07:51:05.097745826Z","level":"INFO","source":{"function":"main.main","file":"/app/main.go","line":15},"msg":"starting workflow-ai server"}
{"time":"2026-05-11T07:51:05.101520872Z","level":"INFO","source":{"function":"workflow-ai/server/internal/database.NewDBClient","file":"/app/internal/database/db.go","line":32},"msg":"connected to PostgreSQL"}
{"time":"2026-05-11T07:51:05.101628249Z","level":"INFO","source":{"function":"workflow-ai/server/internal/database.(*DBClient).Setup","file":"/app/internal/database/db.go","line":37},"msg":"running database migrations"}
{"time":"2026-05-11T07:51:05.180198375Z","level":"INFO","source":{"function":"workflow-ai/server/internal/database/redis.New","file":"/app/internal/database/redis/db.go","line":14},"msg":"connecting to Redis","addr":"redis:6379"}
{"time":"2026-05-11T07:51:05.181571725Z","level":"INFO","source":{"function":"workflow-ai/server/internal/api.(*Server).Start","file":"/app/internal/api/server.go","line":31},"msg":"server starting","addr":":8080"}
{"time":"2026-05-11T07:53:48.218457378Z","level":"INFO","source":{"function":"workflow-ai/server/internal/api/handlers.(*WorkflowHandler).StreamRun","file":"/app/internal/api/handlers/runs.go","line":126},"msg":"stream: subscribing to live run","run_id":"f5808367-0c5e-42ae-b72b-6a94c8b77c68"}
{"time":"2026-05-11T07:55:08.272414338Z","level":"INFO","source":{"function":"workflow-ai/server/internal/api/handlers.(*WorkflowHandler).StreamRun","file":"/app/internal/api/handlers/runs.go","line":126},"msg":"stream: subscribing to live run","run_id":"f5808367-0c5e-42ae-b72b-6a94c8b77c68"}
{"time":"2026-05-11T07:58:27.830947443Z","level":"INFO","source":{"function":"main.main","file":"/app/main.go","line":15},"msg":"starting workflow-ai server"}
{"time":"2026-05-11T07:58:27.83607537Z","level":"INFO","source":{"function":"workflow-ai/server/internal/database.NewDBClient","file":"/app/internal/database/db.go","line":32},"msg":"connected to PostgreSQL"}
{"time":"2026-05-11T07:58:27.836192412Z","level":"INFO","source":{"function":"workflow-ai/server/internal/database.(*DBClient).Setup","file":"/app/internal/database/db.go","line":37},"msg":"running database migrations"}
{"time":"2026-05-11T07:58:27.922920208Z","level":"INFO","source":{"function":"workflow-ai/server/internal/database/redis.New","file":"/app/internal/database/redis/db.go","line":14},"msg":"connecting to Redis","addr":"redis:6379"}
{"time":"2026-05-11T07:58:27.924498752Z","level":"INFO","source":{"function":"workflow-ai/server/internal/api.(*Server).Start","file":"/app/internal/api/server.go","line":31},"msg":"server starting","addr":":8080"}
{"time":"2026-05-11T08:00:27.99017763Z","level":"INFO","source":{"function":"workflow-ai/server/internal/api/handlers.(*WorkflowHandler).runDueSchedules","file":"/app/internal/api/handlers/schedule.go","line":84},"msg":"scheduler: firing workflow","workflow_id":"dc911faa-5043-4e7f-9e95-bd5830ec323c","frequency":"daily"}
{"time":"2026-05-11T08:00:27.997085769Z","level":"INFO","source":{"function":"workflow-ai/server/internal/api/handlers.(*WorkflowHandler).runDueSchedules","file":"/app/internal/api/handlers/schedule.go","line":84},"msg":"scheduler: firing workflow","workflow_id":"21442472-69a5-4da6-a947-786b1cb3849c","frequency":"hourly"}
{"time":"2026-05-11T08:00:28.000500776Z","level":"INFO","source":{"function":"workflow-ai/server/internal/api/handlers.(*WorkflowHandler).runDueSchedules","file":"/app/internal/api/handlers/schedule.go","line":84},"msg":"scheduler: firing workflow","workflow_id":"2a3ef626-f4e1-46e4-b2b9-d318356cc5dc","frequency":"weekly"}
{"time":"2026-05-11T08:01:15.832988097Z","level":"INFO","source":{"function":"workflow-ai/server/internal/api/handlers.(*WorkflowHandler).StreamRun","file":"/app/internal/api/handlers/runs.go","line":126},"msg":"stream: subscribing to live run","run_id":"ce7e8041-5130-4f9c-a8a1-1894b0678b3d"}
{"time":"2026-05-11T08:05:27.938737795Z","level":"INFO","source":{"function":"workflow-ai/server/internal/api/handlers.(*WorkflowHandler).runDueSchedules","file":"/app/internal/api/handlers/schedule.go","line":84},"msg":"scheduler: firing workflow","workflow_id":"65c5c676-3810-49e4-b4e9-06136812b3c5","frequency":""}
{"time":"2026-05-11T08:05:27.946726478Z","level":"INFO","source":{"function":"workflow-ai/server/internal/api/handlers.(*WorkflowHandler).runDueSchedules","file":"/app/internal/api/handlers/schedule.go","line":84},"msg":"scheduler: firing workflow","workflow_id":"8bda6091-45b7-491e-9a70-a23604d842fb","frequency":""}
{"time":"2026-05-11T08:06:06.606843145Z","level":"INFO","source":{"function":"workflow-ai/server/internal/api/handlers.(*WorkflowHandler).StreamRun","file":"/app/internal/api/handlers/runs.go","line":126},"msg":"stream: subscribing to live run","run_id":"cf707dcd-126d-45a7-bc89-eeabdc7bf0de"}
{"time":"2026-05-11T08:20:33.001572906Z","level":"INFO","source":{"function":"main.main","file":"/app/main.go","line":15},"msg":"starting workflow-ai server"}
{"time":"2026-05-11T08:20:33.008366982Z","level":"INFO","source":{"function":"workflow-ai/server/internal/database.NewDBClient","file":"/app/internal/database/db.go","line":32},"msg":"connected to PostgreSQL"}
{"time":"2026-05-11T08:20:33.008549066Z","level":"INFO","source":{"function":"workflow-ai/server/internal/database.(*DBClient).Setup","file":"/app/internal/database/db.go","line":37},"msg":"running database migrations"}
{"time":"2026-05-11T08:20:33.096622727Z","level":"INFO","source":{"function":"workflow-ai/server/internal/database/redis.New","file":"/app/internal/database/redis/db.go","line":14},"msg":"connecting to Redis","addr":"redis:6379"}
{"time":"2026-05-11T08:20:33.097670191Z","level":"INFO","source":{"function":"workflow-ai/server/internal/api.(*Server).Start","file":"/app/internal/api/server.go","line":31},"msg":"server starting","addr":":8080"}
{"time":"2026-05-11T08:27:01.244835043Z","level":"INFO","source":{"function":"main.main","file":"/app/main.go","line":15},"msg":"starting workflow-ai server"}
{"time":"2026-05-11T08:27:01.251131896Z","level":"INFO","source":{"function":"workflow-ai/server/internal/database.NewDBClient","file":"/app/internal/database/db.go","line":32},"msg":"connected to PostgreSQL"}
{"time":"2026-05-11T08:27:01.251341272Z","level":"INFO","source":{"function":"workflow-ai/server/internal/database.(*DBClient).Setup","file":"/app/internal/database/db.go","line":37},"msg":"running database migrations"}
{"time":"2026-05-11T08:27:01.336882713Z","level":"INFO","source":{"function":"workflow-ai/server/internal/database/redis.New","file":"/app/internal/database/redis/db.go","line":14},"msg":"connecting to Redis","addr":"redis:6379"}
{"time":"2026-05-11T08:27:01.339274846Z","level":"INFO","source":{"function":"workflow-ai/server/internal/api.(*Server).Start","file":"/app/internal/api/server.go","line":31},"msg":"server starting","addr":":8080"}
